<?xml version="1.0" encoding="UTF-8"?>
<coverage generated="1628348135617" clover="3.2.0">
  <project timestamp="1628348135617" name="All files">
    <metrics statements="9" coveredstatements="1" conditionals="2" coveredconditionals="0" methods="5" coveredmethods="1" elements="16" coveredelements="2" complexity="0" loc="9" ncloc="9" packages="1" files="1" classes="1"/>
    <file name="Sigin.vue" path="C:\Users\Danilo Scipioni\OneDrive\Documentos\portifolio\daniloscipioni\src\components\login\Sigin.vue">
      <metrics statements="9" coveredstatements="1" conditionals="2" coveredconditionals="0" methods="5" coveredmethods="1"/>
      <line num="29" count="1" type="stmt"/>
      <line num="36" count="0" type="stmt"/>
      <line num="39" count="0" type="stmt"/>
      <line num="42" count="0" type="stmt"/>
      <line num="43" count="0" type="stmt"/>
      <line num="44" count="0" type="stmt"/>
      <line num="47" count="0" type="cond" truecount="0" falsecount="2"/>
      <line num="48" count="0" type="stmt"/>
      <line num="49" count="0" type="stmt"/>
    </file>
  </project>
</coverage>
