{"C:\\Users\\Danilo Scipioni\\OneDrive\\Documentos\\portifolio\\daniloscipioni\\src\\components\\login\\Sigin.vue": {"path":"C:\\Users\\Danilo Scipioni\\OneDrive\\Documentos\\portifolio\\daniloscipioni\\src\\components\\login\\Sigin.vue","statementMap":{"0":{"start":{"line":29,"column":0},"end":{"line":29,"column":null}},"1":{"start":{"line":36,"column":0},"end":{"line":36,"column":null}},"2":{"start":{"line":39,"column":0},"end":{"line":51,"column":null}},"3":{"start":{"line":42,"column":0},"end":{"line":42,"column":null}},"4":{"start":{"line":43,"column":0},"end":{"line":43,"column":null}},"5":{"start":{"line":44,"column":0},"end":{"line":44,"column":null}},"6":{"start":{"line":47,"column":0},"end":{"line":50,"column":null}},"7":{"start":{"line":48,"column":0},"end":{"line":48,"column":null}},"8":{"start":{"line":49,"column":0},"end":{"line":49,"column":null}}},"fnMap":{"0":{"name":"(anonymous_1)","decl":{"start":{"line":28,"column":0},"end":{"line":28,"column":null}},"loc":{"start":{"line":28,"column":0},"end":{"line":33,"column":null}}},"1":{"name":"(anonymous_2)","decl":{"start":{"line":35,"column":0},"end":{"line":35,"column":null}},"loc":{"start":{"line":35,"column":0},"end":{"line":37,"column":null}}},"2":{"name":"(anonymous_3)","decl":{"start":{"line":38,"column":0},"end":{"line":38,"column":null}},"loc":{"start":{"line":38,"column":0},"end":{"line":52,"column":null}}},"3":{"name":"(anonymous_4)","decl":{"start":{"line":39,"column":0},"end":{"line":39,"column":null}},"loc":{"start":{"line":39,"column":0},"end":{"line":45,"column":null}}},"4":{"name":"(anonymous_5)","decl":{"start":{"line":45,"column":0},"end":{"line":45,"column":null}},"loc":{"start":{"line":45,"column":0},"end":{"line":51,"column":null}}}},"branchMap":{"0":{"loc":{"start":{"line":47,"column":0},"end":{"line":50,"column":null}},"type":"if","locations":[{"start":{"line":47,"column":0},"end":{"line":50,"column":null}},{"start":{"line":47,"column":0},"end":{"line":50,"column":null}}]}},"s":{"0":1,"1":0,"2":0,"3":0,"4":0,"5":0,"6":0,"7":0,"8":0},"f":{"0":1,"1":0,"2":0,"3":0,"4":0},"b":{"0":[0,0]}}
}
